Watching for file changes with StatReloader
Watching for file changes with StatReloader
E:\anythingstore\anythingstore\app\views.py changed, reloading.
Watching for file changes with StatReloader
E:\anythingstore\anythingstore\app\views.py changed, reloading.
Watching for file changes with StatReloader
E:\anythingstore\anythingstore\app\views.py changed, reloading.
Watching for file changes with StatReloader
E:\anythingstore\anythingstore\app\views.py changed, reloading.
Watching for file changes with StatReloader
E:\anythingstore\anythingstore\app\views.py changed, reloading.
Watching for file changes with StatReloader
E:\anythingstore\anythingstore\app\views.py changed, reloading.
Watching for file changes with StatReloader
E:\anythingstore\anythingstore\app\views.py changed, reloading.
Watching for file changes with StatReloader
E:\anythingstore\anythingstore\app\views.py changed, reloading.
Watching for file changes with StatReloader
E:\anythingstore\anythingstore\app\views.py changed, reloading.
Watching for file changes with StatReloader
E:\anythingstore\anythingstore\app\views.py changed, reloading.
Watching for file changes with StatReloader
E:\anythingstore\anythingstore\app\views.py changed, reloading.
Watching for file changes with StatReloader
E:\anythingstore\anythingstore\app\views.py changed, reloading.
Watching for file changes with StatReloader
E:\anythingstore\anythingstore\app\views.py changed, reloading.
Watching for file changes with StatReloader
E:\anythingstore\anythingstore\app\views.py changed, reloading.
Watching for file changes with StatReloader
E:\anythingstore\anythingstore\app\views.py changed, reloading.
Watching for file changes with StatReloader
E:\anythingstore\anythingstore\app\views.py changed, reloading.
Watching for file changes with StatReloader
E:\anythingstore\anythingstore\app\views.py changed, reloading.
Watching for file changes with StatReloader
E:\anythingstore\anythingstore\app\views.py changed, reloading.
Watching for file changes with StatReloader
E:\anythingstore\anythingstore\app\views.py changed, reloading.
Watching for file changes with StatReloader
E:\anythingstore\anythingstore\app\views.py changed, reloading.
Watching for file changes with StatReloader
E:\anythingstore\anythingstore\app\views.py changed, reloading.
Watching for file changes with StatReloader
E:\anythingstore\anythingstore\app\views.py changed, reloading.
Watching for file changes with StatReloader
E:\anythingstore\anythingstore\app\views.py changed, reloading.
Watching for file changes with StatReloader
E:\anythingstore\anythingstore\app\views.py changed, reloading.
Watching for file changes with StatReloader
E:\anythingstore\anythingstore\app\views.py changed, reloading.
Watching for file changes with StatReloader
E:\anythingstore\anythingstore\app\views.py changed, reloading.
Watching for file changes with StatReloader
E:\anythingstore\anythingstore\app\views.py changed, reloading.
Watching for file changes with StatReloader
E:\anythingstore\anythingstore\app\views.py changed, reloading.
Watching for file changes with StatReloader
E:\anythingstore\anythingstore\app\views.py changed, reloading.
Watching for file changes with StatReloader
E:\anythingstore\anythingstore\app\views.py changed, reloading.
Watching for file changes with StatReloader
E:\anythingstore\anythingstore\app\views.py changed, reloading.
Watching for file changes with StatReloader
E:\anythingstore\anythingstore\app\views.py changed, reloading.
Watching for file changes with StatReloader
E:\anythingstore\anythingstore\app\views.py changed, reloading.
Watching for file changes with StatReloader
E:\anythingstore\anythingstore\app\views.py changed, reloading.
Watching for file changes with StatReloader
E:\anythingstore\anythingstore\app\views.py changed, reloading.
Watching for file changes with StatReloader
E:\anythingstore\anythingstore\app\views.py changed, reloading.
Watching for file changes with StatReloader
E:\anythingstore\anythingstore\app\views.py changed, reloading.
Watching for file changes with StatReloader
E:\anythingstore\anythingstore\app\views.py changed, reloading.
Watching for file changes with StatReloader
E:\anythingstore\anythingstore\app\views.py changed, reloading.
Watching for file changes with StatReloader
E:\anythingstore\anythingstore\app\views.py changed, reloading.
Watching for file changes with StatReloader
E:\anythingstore\anythingstore\app\views.py changed, reloading.
Watching for file changes with StatReloader
E:\anythingstore\anythingstore\app\views.py changed, reloading.
Watching for file changes with StatReloader
E:\anythingstore\anythingstore\app\views.py changed, reloading.
Watching for file changes with StatReloader
E:\anythingstore\anythingstore\app\views.py changed, reloading.
Watching for file changes with StatReloader
E:\anythingstore\anythingstore\app\views.py changed, reloading.
Watching for file changes with StatReloader
E:\anythingstore\anythingstore\app\views.py changed, reloading.
Watching for file changes with StatReloader
E:\anythingstore\anythingstore\app\views.py changed, reloading.
Watching for file changes with StatReloader
E:\anythingstore\anythingstore\app\views.py changed, reloading.
Watching for file changes with StatReloader
E:\anythingstore\anythingstore\app\views.py changed, reloading.
Watching for file changes with StatReloader
E:\anythingstore\anythingstore\app\views.py changed, reloading.
Watching for file changes with StatReloader
E:\anythingstore\anythingstore\app\views.py changed, reloading.
Watching for file changes with StatReloader
E:\anythingstore\anythingstore\app\views.py changed, reloading.
Watching for file changes with StatReloader
E:\anythingstore\anythingstore\app\views.py changed, reloading.
Watching for file changes with StatReloader
E:\anythingstore\anythingstore\app\views.py changed, reloading.
Watching for file changes with StatReloader
E:\anythingstore\anythingstore\app\views.py changed, reloading.
Watching for file changes with StatReloader
Internal Server Error: /videonote/
Traceback (most recent call last):
  File "E:\anythingstore\venv\lib\site-packages\django\template\base.py", line 505, in parse
    compile_func = self.tags[command]
KeyError: 'static'

During handling of the above exception, another exception occurred:

Traceback (most recent call last):
  File "E:\anythingstore\venv\lib\site-packages\django\core\handlers\exception.py", line 55, in inner
    response = get_response(request)
  File "E:\anythingstore\venv\lib\site-packages\django\core\handlers\base.py", line 197, in _get_response
    response = wrapped_callback(request, *callback_args, **callback_kwargs)
  File "E:\anythingstore\venv\lib\site-packages\django\contrib\auth\decorators.py", line 23, in _wrapper_view
    return view_func(request, *args, **kwargs)
  File "E:\anythingstore\venv\lib\site-packages\django\views\decorators\csrf.py", line 56, in wrapper_view
    return view_func(*args, **kwargs)
  File "E:\anythingstore\anythingstore\app\views.py", line 71, in videotnote
    return render(request, "Home/videonote.html", {"logged_in":logged_in})
  File "E:\anythingstore\venv\lib\site-packages\django\shortcuts.py", line 24, in render
    content = loader.render_to_string(template_name, context, request, using=using)
  File "E:\anythingstore\venv\lib\site-packages\django\template\loader.py", line 61, in render_to_string
    template = get_template(template_name, using=using)
  File "E:\anythingstore\venv\lib\site-packages\django\template\loader.py", line 15, in get_template
    return engine.get_template(template_name)
  File "E:\anythingstore\venv\lib\site-packages\django\template\backends\django.py", line 33, in get_template
    return Template(self.engine.get_template(template_name), self)
  File "E:\anythingstore\venv\lib\site-packages\django\template\engine.py", line 175, in get_template
    template, origin = self.find_template(template_name)
  File "E:\anythingstore\venv\lib\site-packages\django\template\engine.py", line 157, in find_template
    template = loader.get_template(name, skip=skip)
  File "E:\anythingstore\venv\lib\site-packages\django\template\loaders\cached.py", line 57, in get_template
    template = super().get_template(template_name, skip)
  File "E:\anythingstore\venv\lib\site-packages\django\template\loaders\base.py", line 28, in get_template
    return Template(
  File "E:\anythingstore\venv\lib\site-packages\django\template\base.py", line 154, in __init__
    self.nodelist = self.compile_nodelist()
  File "E:\anythingstore\venv\lib\site-packages\django\template\base.py", line 200, in compile_nodelist
    return parser.parse()
  File "E:\anythingstore\venv\lib\site-packages\django\template\base.py", line 513, in parse
    raise self.error(token, e)
  File "E:\anythingstore\venv\lib\site-packages\django\template\base.py", line 511, in parse
    compiled_result = compile_func(self, token)
  File "E:\anythingstore\venv\lib\site-packages\django\template\loader_tags.py", line 293, in do_extends
    nodelist = parser.parse()
  File "E:\anythingstore\venv\lib\site-packages\django\template\base.py", line 513, in parse
    raise self.error(token, e)
  File "E:\anythingstore\venv\lib\site-packages\django\template\base.py", line 511, in parse
    compiled_result = compile_func(self, token)
  File "E:\anythingstore\venv\lib\site-packages\django\template\loader_tags.py", line 232, in do_block
    nodelist = parser.parse(("endblock",))
  File "E:\anythingstore\venv\lib\site-packages\django\template\base.py", line 507, in parse
    self.invalid_block_tag(token, command, parse_until)
  File "E:\anythingstore\venv\lib\site-packages\django\template\base.py", line 558, in invalid_block_tag
    raise self.error(
django.template.exceptions.TemplateSyntaxError: Invalid block tag on line 18: 'static', expected 'endblock'. Did you forget to register or load this tag?
Not Found: /login/badges.html
Not Found: /login/collapsible.html
E:\anythingstore\anythingstore\app\views.py changed, reloading.
Watching for file changes with StatReloader
E:\anythingstore\anythingstore\app\views.py changed, reloading.
Watching for file changes with StatReloader
E:\anythingstore\anythingstore\app\views.py changed, reloading.
Watching for file changes with StatReloader
E:\anythingstore\anythingstore\app\views.py changed, reloading.
Watching for file changes with StatReloader
E:\anythingstore\anythingstore\app\views.py changed, reloading.
Watching for file changes with StatReloader
E:\anythingstore\anythingstore\app\views.py changed, reloading.
Watching for file changes with StatReloader
E:\anythingstore\anythingstore\app\views.py changed, reloading.
Watching for file changes with StatReloader
E:\anythingstore\anythingstore\app\views.py changed, reloading.
Watching for file changes with StatReloader
E:\anythingstore\anythingstore\app\views.py changed, reloading.
Watching for file changes with StatReloader
E:\anythingstore\anythingstore\app\views.py changed, reloading.
Watching for file changes with StatReloader
E:\anythingstore\anythingstore\app\views.py changed, reloading.
Watching for file changes with StatReloader
E:\anythingstore\anythingstore\app\views.py changed, reloading.
Watching for file changes with StatReloader
E:\anythingstore\anythingstore\app\views.py changed, reloading.
Watching for file changes with StatReloader
E:\anythingstore\anythingstore\app\views.py changed, reloading.
Watching for file changes with StatReloader
E:\anythingstore\anythingstore\app\views.py changed, reloading.
Watching for file changes with StatReloader
E:\anythingstore\anythingstore\app\views.py changed, reloading.
Watching for file changes with StatReloader
E:\anythingstore\anythingstore\app\views.py changed, reloading.
Watching for file changes with StatReloader
E:\anythingstore\anythingstore\app\views.py changed, reloading.
Watching for file changes with StatReloader
E:\anythingstore\anythingstore\app\views.py changed, reloading.
Watching for file changes with StatReloader
E:\anythingstore\anythingstore\app\views.py changed, reloading.
Watching for file changes with StatReloader
E:\anythingstore\anythingstore\app\views.py changed, reloading.
Watching for file changes with StatReloader
E:\anythingstore\anythingstore\app\views.py changed, reloading.
Watching for file changes with StatReloader
E:\anythingstore\anythingstore\app\views.py changed, reloading.
Watching for file changes with StatReloader
Forbidden (CSRF token missing.): /textnote/
E:\anythingstore\anythingstore\app\views.py changed, reloading.
Watching for file changes with StatReloader
E:\anythingstore\anythingstore\app\views.py changed, reloading.
Watching for file changes with StatReloader
E:\anythingstore\anythingstore\app\views.py changed, reloading.
Watching for file changes with StatReloader
E:\anythingstore\anythingstore\app\views.py changed, reloading.
Watching for file changes with StatReloader
E:\anythingstore\anythingstore\app\views.py changed, reloading.
Watching for file changes with StatReloader
E:\anythingstore\anythingstore\app\views.py changed, reloading.
Watching for file changes with StatReloader
E:\anythingstore\anythingstore\app\views.py changed, reloading.
Watching for file changes with StatReloader
E:\anythingstore\anythingstore\app\views.py changed, reloading.
Watching for file changes with StatReloader
E:\anythingstore\anythingstore\app\views.py changed, reloading.
Watching for file changes with StatReloader
E:\anythingstore\anythingstore\app\views.py changed, reloading.
Watching for file changes with StatReloader
E:\anythingstore\anythingstore\app\views.py changed, reloading.
Watching for file changes with StatReloader
E:\anythingstore\anythingstore\app\views.py changed, reloading.
Watching for file changes with StatReloader
E:\anythingstore\anythingstore\app\views.py changed, reloading.
Watching for file changes with StatReloader
E:\anythingstore\anythingstore\app\views.py changed, reloading.
Watching for file changes with StatReloader
E:\anythingstore\anythingstore\app\views.py changed, reloading.
Watching for file changes with StatReloader
E:\anythingstore\anythingstore\app\views.py changed, reloading.
Watching for file changes with StatReloader
E:\anythingstore\anythingstore\app\views.py changed, reloading.
Watching for file changes with StatReloader
E:\anythingstore\anythingstore\app\views.py changed, reloading.
Watching for file changes with StatReloader
E:\anythingstore\anythingstore\app\views.py changed, reloading.
Watching for file changes with StatReloader
E:\anythingstore\anythingstore\app\views.py changed, reloading.
Watching for file changes with StatReloader
E:\anythingstore\anythingstore\app\views.py changed, reloading.
Watching for file changes with StatReloader
E:\anythingstore\anythingstore\app\views.py changed, reloading.
Watching for file changes with StatReloader
E:\anythingstore\anythingstore\app\views.py changed, reloading.
Watching for file changes with StatReloader
E:\anythingstore\anythingstore\app\views.py changed, reloading.
Watching for file changes with StatReloader
E:\anythingstore\anythingstore\app\views.py changed, reloading.
Watching for file changes with StatReloader
E:\anythingstore\anythingstore\app\views.py changed, reloading.
Watching for file changes with StatReloader
E:\anythingstore\anythingstore\app\views.py changed, reloading.
Watching for file changes with StatReloader
E:\anythingstore\anythingstore\app\views.py changed, reloading.
Watching for file changes with StatReloader
E:\anythingstore\anythingstore\app\views.py changed, reloading.
Watching for file changes with StatReloader
E:\anythingstore\anythingstore\app\views.py changed, reloading.
Watching for file changes with StatReloader
E:\anythingstore\anythingstore\app\views.py changed, reloading.
Watching for file changes with StatReloader
E:\anythingstore\anythingstore\app\views.py changed, reloading.
Watching for file changes with StatReloader
E:\anythingstore\anythingstore\app\views.py changed, reloading.
Watching for file changes with StatReloader
E:\anythingstore\anythingstore\app\views.py changed, reloading.
Watching for file changes with StatReloader
E:\anythingstore\anythingstore\app\views.py changed, reloading.
Watching for file changes with StatReloader
E:\anythingstore\anythingstore\app\views.py changed, reloading.
Watching for file changes with StatReloader
E:\anythingstore\anythingstore\app\views.py changed, reloading.
Watching for file changes with StatReloader
E:\anythingstore\anythingstore\app\views.py changed, reloading.
Watching for file changes with StatReloader
E:\anythingstore\anythingstore\app\views.py changed, reloading.
Watching for file changes with StatReloader
E:\anythingstore\anythingstore\app\views.py changed, reloading.
Watching for file changes with StatReloader
E:\anythingstore\anythingstore\app\views.py changed, reloading.
Watching for file changes with StatReloader
E:\anythingstore\anythingstore\app\views.py changed, reloading.
Watching for file changes with StatReloader
E:\anythingstore\anythingstore\app\views.py changed, reloading.
Watching for file changes with StatReloader
E:\anythingstore\anythingstore\app\views.py changed, reloading.
Watching for file changes with StatReloader
E:\anythingstore\anythingstore\app\views.py changed, reloading.
Watching for file changes with StatReloader
E:\anythingstore\anythingstore\app\views.py changed, reloading.
Watching for file changes with StatReloader
E:\anythingstore\anythingstore\app\views.py changed, reloading.
Watching for file changes with StatReloader
E:\anythingstore\anythingstore\app\views.py changed, reloading.
Watching for file changes with StatReloader
E:\anythingstore\anythingstore\app\views.py changed, reloading.
Watching for file changes with StatReloader
E:\anythingstore\anythingstore\app\views.py changed, reloading.
Watching for file changes with StatReloader
E:\anythingstore\anythingstore\app\views.py changed, reloading.
Watching for file changes with StatReloader
E:\anythingstore\anythingstore\app\views.py changed, reloading.
Watching for file changes with StatReloader
E:\anythingstore\anythingstore\app\views.py changed, reloading.
Watching for file changes with StatReloader
E:\anythingstore\anythingstore\app\views.py changed, reloading.
Watching for file changes with StatReloader
E:\anythingstore\anythingstore\app\views.py changed, reloading.
Watching for file changes with StatReloader
E:\anythingstore\anythingstore\app\views.py changed, reloading.
Watching for file changes with StatReloader
E:\anythingstore\anythingstore\app\views.py changed, reloading.
Watching for file changes with StatReloader
E:\anythingstore\anythingstore\app\views.py changed, reloading.
Watching for file changes with StatReloader
E:\anythingstore\anythingstore\app\views.py changed, reloading.
Watching for file changes with StatReloader
E:\anythingstore\anythingstore\app\views.py changed, reloading.
Watching for file changes with StatReloader
E:\anythingstore\anythingstore\app\views.py changed, reloading.
Watching for file changes with StatReloader
E:\anythingstore\anythingstore\app\views.py changed, reloading.
Watching for file changes with StatReloader
E:\anythingstore\anythingstore\app\views.py changed, reloading.
Watching for file changes with StatReloader
E:\anythingstore\anythingstore\app\views.py changed, reloading.
Watching for file changes with StatReloader
E:\anythingstore\anythingstore\app\views.py changed, reloading.
Watching for file changes with StatReloader
E:\anythingstore\anythingstore\app\views.py changed, reloading.
Watching for file changes with StatReloader
E:\anythingstore\anythingstore\app\views.py changed, reloading.
Watching for file changes with StatReloader
E:\anythingstore\anythingstore\app\views.py changed, reloading.
Watching for file changes with StatReloader
E:\anythingstore\anythingstore\app\views.py changed, reloading.
Watching for file changes with StatReloader
E:\anythingstore\anythingstore\app\views.py changed, reloading.
Watching for file changes with StatReloader
E:\anythingstore\anythingstore\app\views.py changed, reloading.
Watching for file changes with StatReloader
E:\anythingstore\anythingstore\app\views.py changed, reloading.
Watching for file changes with StatReloader
E:\anythingstore\anythingstore\app\views.py changed, reloading.
Watching for file changes with StatReloader
E:\anythingstore\anythingstore\app\views.py changed, reloading.
Watching for file changes with StatReloader
E:\anythingstore\anythingstore\app\views.py changed, reloading.
Watching for file changes with StatReloader
E:\anythingstore\anythingstore\app\views.py changed, reloading.
Watching for file changes with StatReloader
E:\anythingstore\anythingstore\app\views.py changed, reloading.
Watching for file changes with StatReloader
E:\anythingstore\anythingstore\app\views.py changed, reloading.
Watching for file changes with StatReloader
E:\anythingstore\anythingstore\app\views.py changed, reloading.
Watching for file changes with StatReloader
E:\anythingstore\anythingstore\app\views.py changed, reloading.
Watching for file changes with StatReloader
E:\anythingstore\anythingstore\app\urls.py changed, reloading.
Watching for file changes with StatReloader
E:\anythingstore\anythingstore\app\urls.py changed, reloading.
Watching for file changes with StatReloader
E:\anythingstore\anythingstore\app\urls.py changed, reloading.
Watching for file changes with StatReloader
E:\anythingstore\anythingstore\app\urls.py changed, reloading.
Watching for file changes with StatReloader
E:\anythingstore\anythingstore\app\urls.py changed, reloading.
Watching for file changes with StatReloader
E:\anythingstore\anythingstore\app\urls.py changed, reloading.
Watching for file changes with StatReloader
E:\anythingstore\anythingstore\app\urls.py changed, reloading.
Watching for file changes with StatReloader
E:\anythingstore\anythingstore\app\urls.py changed, reloading.
Watching for file changes with StatReloader
E:\anythingstore\anythingstore\app\urls.py changed, reloading.
Watching for file changes with StatReloader
Internal Server Error: /profile/
Traceback (most recent call last):
  File "E:\anythingstore\venv\lib\site-packages\django\core\handlers\exception.py", line 55, in inner
    response = get_response(request)
  File "E:\anythingstore\venv\lib\site-packages\django\core\handlers\base.py", line 197, in _get_response
    response = wrapped_callback(request, *callback_args, **callback_kwargs)
  File "E:\anythingstore\anythingstore\app\views.py", line 86, in user_Profile
    return render(request, "profile.html", {"text_files": text_files})
  File "E:\anythingstore\venv\lib\site-packages\django\shortcuts.py", line 24, in render
    content = loader.render_to_string(template_name, context, request, using=using)
  File "E:\anythingstore\venv\lib\site-packages\django\template\loader.py", line 61, in render_to_string
    template = get_template(template_name, using=using)
  File "E:\anythingstore\venv\lib\site-packages\django\template\loader.py", line 19, in get_template
    raise TemplateDoesNotExist(template_name, chain=chain)
django.template.exceptions.TemplateDoesNotExist: profile.html
Internal Server Error: /profile/
Traceback (most recent call last):
  File "E:\anythingstore\venv\lib\site-packages\django\core\handlers\exception.py", line 55, in inner
    response = get_response(request)
  File "E:\anythingstore\venv\lib\site-packages\django\core\handlers\base.py", line 197, in _get_response
    response = wrapped_callback(request, *callback_args, **callback_kwargs)
  File "E:\anythingstore\anythingstore\app\views.py", line 86, in user_Profile
    return render(request, "profile.html", {"text_files": text_files})
  File "E:\anythingstore\venv\lib\site-packages\django\shortcuts.py", line 24, in render
    content = loader.render_to_string(template_name, context, request, using=using)
  File "E:\anythingstore\venv\lib\site-packages\django\template\loader.py", line 61, in render_to_string
    template = get_template(template_name, using=using)
  File "E:\anythingstore\venv\lib\site-packages\django\template\loader.py", line 19, in get_template
    raise TemplateDoesNotExist(template_name, chain=chain)
django.template.exceptions.TemplateDoesNotExist: profile.html
Internal Server Error: /profile/
Traceback (most recent call last):
  File "E:\anythingstore\venv\lib\site-packages\django\core\handlers\exception.py", line 55, in inner
    response = get_response(request)
  File "E:\anythingstore\venv\lib\site-packages\django\core\handlers\base.py", line 197, in _get_response
    response = wrapped_callback(request, *callback_args, **callback_kwargs)
  File "E:\anythingstore\anythingstore\app\views.py", line 86, in user_Profile
    return render(request, "profile.html", {"text_files": text_files})
  File "E:\anythingstore\venv\lib\site-packages\django\shortcuts.py", line 24, in render
    content = loader.render_to_string(template_name, context, request, using=using)
  File "E:\anythingstore\venv\lib\site-packages\django\template\loader.py", line 61, in render_to_string
    template = get_template(template_name, using=using)
  File "E:\anythingstore\venv\lib\site-packages\django\template\loader.py", line 19, in get_template
    raise TemplateDoesNotExist(template_name, chain=chain)
django.template.exceptions.TemplateDoesNotExist: profile.html
E:\anythingstore\anythingstore\app\views.py changed, reloading.
Watching for file changes with StatReloader
E:\anythingstore\anythingstore\app\views.py changed, reloading.
Watching for file changes with StatReloader
E:\anythingstore\anythingstore\app\views.py changed, reloading.
Watching for file changes with StatReloader
E:\anythingstore\anythingstore\app\views.py changed, reloading.
Watching for file changes with StatReloader
E:\anythingstore\anythingstore\app\views.py changed, reloading.
Watching for file changes with StatReloader
E:\anythingstore\anythingstore\app\views.py changed, reloading.
Watching for file changes with StatReloader
E:\anythingstore\anythingstore\app\views.py changed, reloading.
Watching for file changes with StatReloader
E:\anythingstore\anythingstore\app\views.py changed, reloading.
Watching for file changes with StatReloader
E:\anythingstore\anythingstore\app\views.py changed, reloading.
Watching for file changes with StatReloader
E:\anythingstore\anythingstore\app\views.py changed, reloading.
Watching for file changes with StatReloader
E:\anythingstore\anythingstore\app\views.py changed, reloading.
Watching for file changes with StatReloader
E:\anythingstore\anythingstore\app\views.py changed, reloading.
Watching for file changes with StatReloader
E:\anythingstore\anythingstore\app\views.py changed, reloading.
Watching for file changes with StatReloader
E:\anythingstore\anythingstore\app\views.py changed, reloading.
Watching for file changes with StatReloader
E:\anythingstore\anythingstore\app\views.py changed, reloading.
Watching for file changes with StatReloader
E:\anythingstore\anythingstore\app\models.py changed, reloading.
Watching for file changes with StatReloader
E:\anythingstore\anythingstore\app\models.py changed, reloading.
Watching for file changes with StatReloader
E:\anythingstore\anythingstore\app\models.py changed, reloading.
Watching for file changes with StatReloader
E:\anythingstore\anythingstore\app\views.py changed, reloading.
Watching for file changes with StatReloader
E:\anythingstore\anythingstore\app\views.py changed, reloading.
Watching for file changes with StatReloader
E:\anythingstore\anythingstore\app\views.py changed, reloading.
Watching for file changes with StatReloader
Internal Server Error: /profile/
Traceback (most recent call last):
  File "E:\anythingstore\venv\lib\site-packages\django\template\base.py", line 505, in parse
    compile_func = self.tags[command]
KeyError: 'endfor'

During handling of the above exception, another exception occurred:

Traceback (most recent call last):
  File "E:\anythingstore\venv\lib\site-packages\django\core\handlers\exception.py", line 55, in inner
    response = get_response(request)
  File "E:\anythingstore\venv\lib\site-packages\django\core\handlers\base.py", line 197, in _get_response
    response = wrapped_callback(request, *callback_args, **callback_kwargs)
  File "E:\anythingstore\venv\lib\site-packages\django\contrib\auth\decorators.py", line 23, in _wrapper_view
    return view_func(request, *args, **kwargs)
  File "E:\anythingstore\anythingstore\app\views.py", line 89, in user_Profile
    return render(request, "Home/profile.html", {"text_files": text_files, "logged_in":logged_in})
  File "E:\anythingstore\venv\lib\site-packages\django\shortcuts.py", line 24, in render
    content = loader.render_to_string(template_name, context, request, using=using)
  File "E:\anythingstore\venv\lib\site-packages\django\template\loader.py", line 61, in render_to_string
    template = get_template(template_name, using=using)
  File "E:\anythingstore\venv\lib\site-packages\django\template\loader.py", line 15, in get_template
    return engine.get_template(template_name)
  File "E:\anythingstore\venv\lib\site-packages\django\template\backends\django.py", line 33, in get_template
    return Template(self.engine.get_template(template_name), self)
  File "E:\anythingstore\venv\lib\site-packages\django\template\engine.py", line 175, in get_template
    template, origin = self.find_template(template_name)
  File "E:\anythingstore\venv\lib\site-packages\django\template\engine.py", line 157, in find_template
    template = loader.get_template(name, skip=skip)
  File "E:\anythingstore\venv\lib\site-packages\django\template\loaders\cached.py", line 57, in get_template
    template = super().get_template(template_name, skip)
  File "E:\anythingstore\venv\lib\site-packages\django\template\loaders\base.py", line 28, in get_template
    return Template(
  File "E:\anythingstore\venv\lib\site-packages\django\template\base.py", line 154, in __init__
    self.nodelist = self.compile_nodelist()
  File "E:\anythingstore\venv\lib\site-packages\django\template\base.py", line 200, in compile_nodelist
    return parser.parse()
  File "E:\anythingstore\venv\lib\site-packages\django\template\base.py", line 513, in parse
    raise self.error(token, e)
  File "E:\anythingstore\venv\lib\site-packages\django\template\base.py", line 511, in parse
    compiled_result = compile_func(self, token)
  File "E:\anythingstore\venv\lib\site-packages\django\template\loader_tags.py", line 293, in do_extends
    nodelist = parser.parse()
  File "E:\anythingstore\venv\lib\site-packages\django\template\base.py", line 513, in parse
    raise self.error(token, e)
  File "E:\anythingstore\venv\lib\site-packages\django\template\base.py", line 511, in parse
    compiled_result = compile_func(self, token)
  File "E:\anythingstore\venv\lib\site-packages\django\template\loader_tags.py", line 232, in do_block
    nodelist = parser.parse(("endblock",))
  File "E:\anythingstore\venv\lib\site-packages\django\template\base.py", line 507, in parse
    self.invalid_block_tag(token, command, parse_until)
  File "E:\anythingstore\venv\lib\site-packages\django\template\base.py", line 558, in invalid_block_tag
    raise self.error(
django.template.exceptions.TemplateSyntaxError: Invalid block tag on line 4: 'endfor', expected 'endblock'. Did you forget to register or load this tag?
E:\anythingstore\anythingstore\app\views.py changed, reloading.
Watching for file changes with StatReloader
E:\anythingstore\anythingstore\app\views.py changed, reloading.
Watching for file changes with StatReloader
E:\anythingstore\anythingstore\app\views.py changed, reloading.
Watching for file changes with StatReloader
E:\anythingstore\anythingstore\app\views.py changed, reloading.
Watching for file changes with StatReloader
E:\anythingstore\anythingstore\app\views.py changed, reloading.
Watching for file changes with StatReloader
E:\anythingstore\anythingstore\app\views.py changed, reloading.
Watching for file changes with StatReloader
E:\anythingstore\anythingstore\app\views.py changed, reloading.
Watching for file changes with StatReloader
E:\anythingstore\anythingstore\app\views.py changed, reloading.
Watching for file changes with StatReloader
E:\anythingstore\anythingstore\app\views.py changed, reloading.
Watching for file changes with StatReloader
E:\anythingstore\anythingstore\app\views.py changed, reloading.
Watching for file changes with StatReloader
E:\anythingstore\anythingstore\app\views.py changed, reloading.
Watching for file changes with StatReloader
E:\anythingstore\anythingstore\app\views.py changed, reloading.
Watching for file changes with StatReloader
E:\anythingstore\anythingstore\app\views.py changed, reloading.
Watching for file changes with StatReloader
E:\anythingstore\anythingstore\app\views.py changed, reloading.
Watching for file changes with StatReloader
E:\anythingstore\anythingstore\app\views.py changed, reloading.
Watching for file changes with StatReloader
E:\anythingstore\anythingstore\app\views.py changed, reloading.
Watching for file changes with StatReloader
E:\anythingstore\anythingstore\app\views.py changed, reloading.
Watching for file changes with StatReloader
Internal Server Error: /profile/
Traceback (most recent call last):
  File "E:\anythingstore\venv\lib\site-packages\django\core\handlers\exception.py", line 55, in inner
    response = get_response(request)
  File "E:\anythingstore\venv\lib\site-packages\django\core\handlers\base.py", line 197, in _get_response
    response = wrapped_callback(request, *callback_args, **callback_kwargs)
  File "E:\anythingstore\venv\lib\site-packages\django\contrib\auth\decorators.py", line 23, in _wrapper_view
    return view_func(request, *args, **kwargs)
  File "E:\anythingstore\anythingstore\app\views.py", line 90, in user_Profile
    return render(request, "Home/profile.html", {"text_files": text_files, "logged_in":logged_in, "video_files":video_files})
  File "E:\anythingstore\venv\lib\site-packages\django\shortcuts.py", line 24, in render
    content = loader.render_to_string(template_name, context, request, using=using)
  File "E:\anythingstore\venv\lib\site-packages\django\template\loader.py", line 61, in render_to_string
    template = get_template(template_name, using=using)
  File "E:\anythingstore\venv\lib\site-packages\django\template\loader.py", line 15, in get_template
    return engine.get_template(template_name)
  File "E:\anythingstore\venv\lib\site-packages\django\template\backends\django.py", line 33, in get_template
    return Template(self.engine.get_template(template_name), self)
  File "E:\anythingstore\venv\lib\site-packages\django\template\engine.py", line 175, in get_template
    template, origin = self.find_template(template_name)
  File "E:\anythingstore\venv\lib\site-packages\django\template\engine.py", line 157, in find_template
    template = loader.get_template(name, skip=skip)
  File "E:\anythingstore\venv\lib\site-packages\django\template\loaders\cached.py", line 57, in get_template
    template = super().get_template(template_name, skip)
  File "E:\anythingstore\venv\lib\site-packages\django\template\loaders\base.py", line 28, in get_template
    return Template(
  File "E:\anythingstore\venv\lib\site-packages\django\template\base.py", line 154, in __init__
    self.nodelist = self.compile_nodelist()
  File "E:\anythingstore\venv\lib\site-packages\django\template\base.py", line 200, in compile_nodelist
    return parser.parse()
  File "E:\anythingstore\venv\lib\site-packages\django\template\base.py", line 513, in parse
    raise self.error(token, e)
  File "E:\anythingstore\venv\lib\site-packages\django\template\base.py", line 511, in parse
    compiled_result = compile_func(self, token)
  File "E:\anythingstore\venv\lib\site-packages\django\template\loader_tags.py", line 293, in do_extends
    nodelist = parser.parse()
  File "E:\anythingstore\venv\lib\site-packages\django\template\base.py", line 513, in parse
    raise self.error(token, e)
  File "E:\anythingstore\venv\lib\site-packages\django\template\base.py", line 511, in parse
    compiled_result = compile_func(self, token)
  File "E:\anythingstore\venv\lib\site-packages\django\template\loader_tags.py", line 232, in do_block
    nodelist = parser.parse(("endblock",))
  File "E:\anythingstore\venv\lib\site-packages\django\template\base.py", line 513, in parse
    raise self.error(token, e)
  File "E:\anythingstore\venv\lib\site-packages\django\template\base.py", line 511, in parse
    compiled_result = compile_func(self, token)
  File "E:\anythingstore\venv\lib\site-packages\django\template\defaulttags.py", line 953, in do_if
    nodelist = parser.parse(("elif", "else", "endif"))
  File "E:\anythingstore\venv\lib\site-packages\django\template\base.py", line 513, in parse
    raise self.error(token, e)
  File "E:\anythingstore\venv\lib\site-packages\django\template\base.py", line 511, in parse
    compiled_result = compile_func(self, token)
  File "E:\anythingstore\venv\lib\site-packages\django\template\defaulttags.py", line 853, in do_for
    nodelist_loop = parser.parse(
  File "E:\anythingstore\venv\lib\site-packages\django\template\base.py", line 484, in parse
    raise self.error(token, e)
  File "E:\anythingstore\venv\lib\site-packages\django\template\base.py", line 482, in parse
    filter_expression = self.compile_filter(token.contents)
  File "E:\anythingstore\venv\lib\site-packages\django\template\base.py", line 600, in compile_filter
    return FilterExpression(token, self)
  File "E:\anythingstore\venv\lib\site-packages\django\template\base.py", line 703, in __init__
    raise TemplateSyntaxError(
django.template.exceptions.TemplateSyntaxError: Could not parse the remainder: '{{video_file.file.url' from '{{video_file.file.url'
Not Found: /favicon.ico
Not Found: /favicon.ico
Not Found: /favicon.ico
Not Found: /favicon.ico
Not Found: /favicon.ico
Not Found: /favicon.ico
Not Found: /favicon.ico
Not Found: /favicon.ico
E:\anythingstore\anythingstore\app\views.py changed, reloading.
Watching for file changes with StatReloader
E:\anythingstore\anythingstore\app\views.py changed, reloading.
Watching for file changes with StatReloader
E:\anythingstore\anythingstore\app\views.py changed, reloading.
Watching for file changes with StatReloader
E:\anythingstore\anythingstore\app\views.py changed, reloading.
Watching for file changes with StatReloader
E:\anythingstore\anythingstore\app\views.py changed, reloading.
Watching for file changes with StatReloader
E:\anythingstore\anythingstore\app\views.py changed, reloading.
Watching for file changes with StatReloader
E:\anythingstore\anythingstore\app\views.py changed, reloading.
Watching for file changes with StatReloader
E:\anythingstore\anythingstore\app\views.py changed, reloading.
Watching for file changes with StatReloader
E:\anythingstore\anythingstore\app\views.py changed, reloading.
Watching for file changes with StatReloader
E:\anythingstore\anythingstore\app\views.py changed, reloading.
Watching for file changes with StatReloader
E:\anythingstore\anythingstore\app\views.py changed, reloading.
Watching for file changes with StatReloader
E:\anythingstore\anythingstore\app\views.py changed, reloading.
Watching for file changes with StatReloader
E:\anythingstore\anythingstore\app\views.py changed, reloading.
Watching for file changes with StatReloader
E:\anythingstore\anythingstore\app\views.py changed, reloading.
Watching for file changes with StatReloader
E:\anythingstore\anythingstore\app\views.py changed, reloading.
Watching for file changes with StatReloader
E:\anythingstore\anythingstore\app\views.py changed, reloading.
Watching for file changes with StatReloader
E:\anythingstore\anythingstore\app\views.py changed, reloading.
Watching for file changes with StatReloader
E:\anythingstore\anythingstore\app\views.py changed, reloading.
Watching for file changes with StatReloader
E:\anythingstore\anythingstore\app\views.py changed, reloading.
Watching for file changes with StatReloader
E:\anythingstore\anythingstore\app\views.py changed, reloading.
Watching for file changes with StatReloader
Not Found: /favicon.ico
E:\anythingstore\anythingstore\app\views.py changed, reloading.
Watching for file changes with StatReloader
E:\anythingstore\anythingstore\app\views.py changed, reloading.
Watching for file changes with StatReloader
E:\anythingstore\anythingstore\app\views.py changed, reloading.
Watching for file changes with StatReloader
E:\anythingstore\anythingstore\app\views.py changed, reloading.
Watching for file changes with StatReloader
E:\anythingstore\anythingstore\app\views.py changed, reloading.
Watching for file changes with StatReloader
E:\anythingstore\anythingstore\app\views.py changed, reloading.
Watching for file changes with StatReloader
E:\anythingstore\anythingstore\app\views.py changed, reloading.
Watching for file changes with StatReloader
E:\anythingstore\anythingstore\app\views.py changed, reloading.
Watching for file changes with StatReloader
E:\anythingstore\anythingstore\app\views.py changed, reloading.
Watching for file changes with StatReloader
E:\anythingstore\anythingstore\app\views.py changed, reloading.
Watching for file changes with StatReloader
E:\anythingstore\anythingstore\app\views.py changed, reloading.
Watching for file changes with StatReloader
E:\anythingstore\anythingstore\app\views.py changed, reloading.
Watching for file changes with StatReloader
E:\anythingstore\anythingstore\app\views.py changed, reloading.
Watching for file changes with StatReloader
E:\anythingstore\anythingstore\app\views.py changed, reloading.
Watching for file changes with StatReloader
E:\anythingstore\anythingstore\app\views.py changed, reloading.
Watching for file changes with StatReloader
E:\anythingstore\anythingstore\app\views.py changed, reloading.
Watching for file changes with StatReloader
E:\anythingstore\anythingstore\app\views.py changed, reloading.
Watching for file changes with StatReloader
E:\anythingstore\anythingstore\app\views.py changed, reloading.
Watching for file changes with StatReloader
E:\anythingstore\anythingstore\app\views.py changed, reloading.
Watching for file changes with StatReloader
E:\anythingstore\anythingstore\app\views.py changed, reloading.
Watching for file changes with StatReloader
E:\anythingstore\anythingstore\app\views.py changed, reloading.
Watching for file changes with StatReloader
E:\anythingstore\anythingstore\app\views.py changed, reloading.
Watching for file changes with StatReloader
E:\anythingstore\anythingstore\app\views.py changed, reloading.
Watching for file changes with StatReloader
E:\anythingstore\anythingstore\app\models.py changed, reloading.
Watching for file changes with StatReloader
E:\anythingstore\anythingstore\app\views.py changed, reloading.
Watching for file changes with StatReloader
E:\anythingstore\anythingstore\app\views.py changed, reloading.
Watching for file changes with StatReloader
E:\anythingstore\anythingstore\app\views.py changed, reloading.
Watching for file changes with StatReloader
E:\anythingstore\anythingstore\app\views.py changed, reloading.
Watching for file changes with StatReloader
E:\anythingstore\anythingstore\app\views.py changed, reloading.
Watching for file changes with StatReloader
E:\anythingstore\anythingstore\app\views.py changed, reloading.
Watching for file changes with StatReloader
E:\anythingstore\anythingstore\app\views.py changed, reloading.
Watching for file changes with StatReloader
E:\anythingstore\anythingstore\app\views.py changed, reloading.
Watching for file changes with StatReloader
E:\anythingstore\anythingstore\app\views.py changed, reloading.
Watching for file changes with StatReloader
E:\anythingstore\anythingstore\app\views.py changed, reloading.
Watching for file changes with StatReloader
E:\anythingstore\anythingstore\app\views.py changed, reloading.
Watching for file changes with StatReloader
E:\anythingstore\anythingstore\app\views.py changed, reloading.
Watching for file changes with StatReloader
E:\anythingstore\anythingstore\app\views.py changed, reloading.
Watching for file changes with StatReloader
E:\anythingstore\anythingstore\app\views.py changed, reloading.
Watching for file changes with StatReloader
E:\anythingstore\anythingstore\app\views.py changed, reloading.
Watching for file changes with StatReloader
E:\anythingstore\anythingstore\app\views.py changed, reloading.
Watching for file changes with StatReloader
E:\anythingstore\anythingstore\app\views.py changed, reloading.
Watching for file changes with StatReloader
E:\anythingstore\anythingstore\app\views.py changed, reloading.
Watching for file changes with StatReloader
E:\anythingstore\anythingstore\app\views.py changed, reloading.
Watching for file changes with StatReloader
E:\anythingstore\anythingstore\app\models.py changed, reloading.
Watching for file changes with StatReloader
E:\anythingstore\anythingstore\app\models.py changed, reloading.
Watching for file changes with StatReloader
E:\anythingstore\anythingstore\app\models.py changed, reloading.
Watching for file changes with StatReloader
E:\anythingstore\anythingstore\app\models.py changed, reloading.
Watching for file changes with StatReloader
E:\anythingstore\anythingstore\app\models.py changed, reloading.
Watching for file changes with StatReloader
E:\anythingstore\anythingstore\app\models.py changed, reloading.
Watching for file changes with StatReloader
E:\anythingstore\anythingstore\app\models.py changed, reloading.
Watching for file changes with StatReloader
E:\anythingstore\anythingstore\app\models.py changed, reloading.
Watching for file changes with StatReloader
E:\anythingstore\anythingstore\app\models.py changed, reloading.
Watching for file changes with StatReloader
E:\anythingstore\anythingstore\app\models.py changed, reloading.
Watching for file changes with StatReloader
E:\anythingstore\anythingstore\app\models.py changed, reloading.
Watching for file changes with StatReloader
E:\anythingstore\anythingstore\app\models.py changed, reloading.
Watching for file changes with StatReloader
E:\anythingstore\anythingstore\app\models.py changed, reloading.
Watching for file changes with StatReloader
E:\anythingstore\anythingstore\app\models.py changed, reloading.
Watching for file changes with StatReloader
E:\anythingstore\anythingstore\app\models.py changed, reloading.
Watching for file changes with StatReloader
E:\anythingstore\anythingstore\app\models.py changed, reloading.
Watching for file changes with StatReloader
E:\anythingstore\anythingstore\app\models.py changed, reloading.
Watching for file changes with StatReloader
E:\anythingstore\anythingstore\app\models.py changed, reloading.
Watching for file changes with StatReloader
E:\anythingstore\anythingstore\app\models.py changed, reloading.
Watching for file changes with StatReloader
E:\anythingstore\anythingstore\app\models.py changed, reloading.
Watching for file changes with StatReloader
E:\anythingstore\anythingstore\app\models.py changed, reloading.
Watching for file changes with StatReloader
E:\anythingstore\anythingstore\app\models.py changed, reloading.
Watching for file changes with StatReloader
E:\anythingstore\anythingstore\app\models.py changed, reloading.
Watching for file changes with StatReloader
E:\anythingstore\anythingstore\app\models.py changed, reloading.
Watching for file changes with StatReloader
E:\anythingstore\anythingstore\app\models.py changed, reloading.
Watching for file changes with StatReloader
E:\anythingstore\anythingstore\app\models.py changed, reloading.
Watching for file changes with StatReloader
E:\anythingstore\anythingstore\app\models.py changed, reloading.
Watching for file changes with StatReloader
E:\anythingstore\anythingstore\app\models.py changed, reloading.
Watching for file changes with StatReloader
E:\anythingstore\anythingstore\app\models.py changed, reloading.
Watching for file changes with StatReloader
E:\anythingstore\anythingstore\app\models.py changed, reloading.
Watching for file changes with StatReloader
E:\anythingstore\anythingstore\app\models.py changed, reloading.
Watching for file changes with StatReloader
E:\anythingstore\anythingstore\app\models.py changed, reloading.
Watching for file changes with StatReloader
E:\anythingstore\anythingstore\app\models.py changed, reloading.
Watching for file changes with StatReloader
E:\anythingstore\anythingstore\app\models.py changed, reloading.
Watching for file changes with StatReloader
E:\anythingstore\anythingstore\app\models.py changed, reloading.
Watching for file changes with StatReloader
E:\anythingstore\anythingstore\app\models.py changed, reloading.
Watching for file changes with StatReloader
E:\anythingstore\anythingstore\app\models.py changed, reloading.
Watching for file changes with StatReloader
E:\anythingstore\anythingstore\app\models.py changed, reloading.
Watching for file changes with StatReloader
Watching for file changes with StatReloader
E:\anythingstore\anythingstore\app\views.py changed, reloading.
Watching for file changes with StatReloader
E:\anythingstore\anythingstore\app\views.py changed, reloading.
Watching for file changes with StatReloader
E:\anythingstore\anythingstore\app\views.py changed, reloading.
Watching for file changes with StatReloader
E:\anythingstore\anythingstore\app\views.py changed, reloading.
Watching for file changes with StatReloader
E:\anythingstore\anythingstore\app\views.py changed, reloading.
Watching for file changes with StatReloader
E:\anythingstore\anythingstore\app\views.py changed, reloading.
Watching for file changes with StatReloader
E:\anythingstore\anythingstore\app\views.py changed, reloading.
Watching for file changes with StatReloader
E:\anythingstore\anythingstore\app\views.py changed, reloading.
Watching for file changes with StatReloader
E:\anythingstore\anythingstore\app\views.py changed, reloading.
Watching for file changes with StatReloader
E:\anythingstore\anythingstore\app\views.py changed, reloading.
Watching for file changes with StatReloader
E:\anythingstore\anythingstore\app\views.py changed, reloading.
Watching for file changes with StatReloader
E:\anythingstore\anythingstore\app\views.py changed, reloading.
Watching for file changes with StatReloader
E:\anythingstore\anythingstore\app\views.py changed, reloading.
Watching for file changes with StatReloader
E:\anythingstore\anythingstore\app\views.py changed, reloading.
Watching for file changes with StatReloader
E:\anythingstore\anythingstore\app\views.py changed, reloading.
Watching for file changes with StatReloader
E:\anythingstore\anythingstore\app\views.py changed, reloading.
Watching for file changes with StatReloader
E:\anythingstore\anythingstore\app\views.py changed, reloading.
Watching for file changes with StatReloader
E:\anythingstore\anythingstore\app\views.py changed, reloading.
Watching for file changes with StatReloader
E:\anythingstore\anythingstore\app\views.py changed, reloading.
Watching for file changes with StatReloader
E:\anythingstore\anythingstore\app\views.py changed, reloading.
Watching for file changes with StatReloader
E:\anythingstore\anythingstore\app\views.py changed, reloading.
Watching for file changes with StatReloader
E:\anythingstore\anythingstore\app\views.py changed, reloading.
Watching for file changes with StatReloader
E:\anythingstore\anythingstore\app\views.py changed, reloading.
Watching for file changes with StatReloader
E:\anythingstore\anythingstore\app\views.py changed, reloading.
Watching for file changes with StatReloader
E:\anythingstore\anythingstore\app\views.py changed, reloading.
Watching for file changes with StatReloader
E:\anythingstore\anythingstore\app\views.py changed, reloading.
Watching for file changes with StatReloader
E:\anythingstore\anythingstore\app\views.py changed, reloading.
Watching for file changes with StatReloader
E:\anythingstore\anythingstore\app\views.py changed, reloading.
Watching for file changes with StatReloader
E:\anythingstore\anythingstore\app\views.py changed, reloading.
Watching for file changes with StatReloader
E:\anythingstore\anythingstore\app\views.py changed, reloading.
Watching for file changes with StatReloader
E:\anythingstore\anythingstore\app\views.py changed, reloading.
Watching for file changes with StatReloader
E:\anythingstore\anythingstore\app\views.py changed, reloading.
Watching for file changes with StatReloader
E:\anythingstore\anythingstore\app\views.py changed, reloading.
Watching for file changes with StatReloader
E:\anythingstore\anythingstore\app\views.py changed, reloading.
Watching for file changes with StatReloader
E:\anythingstore\anythingstore\app\views.py changed, reloading.
Watching for file changes with StatReloader
E:\anythingstore\anythingstore\app\views.py changed, reloading.
Watching for file changes with StatReloader
E:\anythingstore\anythingstore\app\views.py changed, reloading.
Watching for file changes with StatReloader
E:\anythingstore\anythingstore\app\views.py changed, reloading.
Watching for file changes with StatReloader
E:\anythingstore\anythingstore\app\views.py changed, reloading.
Watching for file changes with StatReloader
E:\anythingstore\anythingstore\app\views.py changed, reloading.
Watching for file changes with StatReloader
E:\anythingstore\anythingstore\app\views.py changed, reloading.
Watching for file changes with StatReloader
E:\anythingstore\anythingstore\app\views.py changed, reloading.
Watching for file changes with StatReloader
E:\anythingstore\anythingstore\app\views.py changed, reloading.
Watching for file changes with StatReloader
E:\anythingstore\anythingstore\app\views.py changed, reloading.
Watching for file changes with StatReloader
E:\anythingstore\anythingstore\app\views.py changed, reloading.
Watching for file changes with StatReloader
E:\anythingstore\anythingstore\app\views.py changed, reloading.
Watching for file changes with StatReloader
E:\anythingstore\anythingstore\app\views.py changed, reloading.
Watching for file changes with StatReloader
E:\anythingstore\anythingstore\app\views.py changed, reloading.
Watching for file changes with StatReloader
E:\anythingstore\anythingstore\app\views.py changed, reloading.
Watching for file changes with StatReloader
E:\anythingstore\anythingstore\app\views.py changed, reloading.
Watching for file changes with StatReloader
E:\anythingstore\anythingstore\app\views.py changed, reloading.
Watching for file changes with StatReloader
E:\anythingstore\anythingstore\app\views.py changed, reloading.
Watching for file changes with StatReloader
E:\anythingstore\anythingstore\app\views.py changed, reloading.
Watching for file changes with StatReloader
E:\anythingstore\anythingstore\app\views.py changed, reloading.
Watching for file changes with StatReloader
E:\anythingstore\anythingstore\app\views.py changed, reloading.
Watching for file changes with StatReloader
E:\anythingstore\anythingstore\app\views.py changed, reloading.
Watching for file changes with StatReloader
E:\anythingstore\anythingstore\app\views.py changed, reloading.
Watching for file changes with StatReloader
E:\anythingstore\anythingstore\app\views.py changed, reloading.
Watching for file changes with StatReloader
E:\anythingstore\anythingstore\app\views.py changed, reloading.
Watching for file changes with StatReloader
E:\anythingstore\anythingstore\app\views.py changed, reloading.
Watching for file changes with StatReloader
E:\anythingstore\anythingstore\app\views.py changed, reloading.
Watching for file changes with StatReloader
E:\anythingstore\anythingstore\app\views.py changed, reloading.
Watching for file changes with StatReloader
E:\anythingstore\anythingstore\app\views.py changed, reloading.
Watching for file changes with StatReloader
E:\anythingstore\anythingstore\app\views.py changed, reloading.
Watching for file changes with StatReloader
E:\anythingstore\anythingstore\app\views.py changed, reloading.
Watching for file changes with StatReloader
E:\anythingstore\anythingstore\app\views.py changed, reloading.
Watching for file changes with StatReloader
E:\anythingstore\anythingstore\app\views.py changed, reloading.
Watching for file changes with StatReloader
E:\anythingstore\anythingstore\app\views.py changed, reloading.
Watching for file changes with StatReloader
E:\anythingstore\anythingstore\app\views.py changed, reloading.
Watching for file changes with StatReloader
Watching for file changes with StatReloader
Not Found: /favicon.ico
E:\anythingstore\anythingstore\app\views.py changed, reloading.
Watching for file changes with StatReloader
E:\anythingstore\anythingstore\app\views.py changed, reloading.
Watching for file changes with StatReloader
E:\anythingstore\anythingstore\app\views.py changed, reloading.
Watching for file changes with StatReloader
E:\anythingstore\anythingstore\app\views.py changed, reloading.
Watching for file changes with StatReloader
E:\anythingstore\anythingstore\app\views.py changed, reloading.
Watching for file changes with StatReloader
E:\anythingstore\anythingstore\app\views.py changed, reloading.
Watching for file changes with StatReloader
E:\anythingstore\anythingstore\anythingstore\urls.py changed, reloading.
Watching for file changes with StatReloader
E:\anythingstore\anythingstore\anythingstore\settings.py changed, reloading.
Watching for file changes with StatReloader
E:\anythingstore\anythingstore\app\urls.py changed, reloading.
Watching for file changes with StatReloader
E:\anythingstore\anythingstore\app\models.py changed, reloading.
Watching for file changes with StatReloader
E:\anythingstore\anythingstore\app\views.py changed, reloading.
Watching for file changes with StatReloader
E:\anythingstore\anythingstore\app\views.py changed, reloading.
Watching for file changes with StatReloader
E:\anythingstore\anythingstore\app\views.py changed, reloading.
Watching for file changes with StatReloader
E:\anythingstore\anythingstore\app\views.py changed, reloading.
Watching for file changes with StatReloader
E:\anythingstore\anythingstore\app\views.py changed, reloading.
Watching for file changes with StatReloader
E:\anythingstore\anythingstore\app\views.py changed, reloading.
Watching for file changes with StatReloader
E:\anythingstore\anythingstore\app\views.py changed, reloading.
Watching for file changes with StatReloader
E:\anythingstore\anythingstore\app\views.py changed, reloading.
Watching for file changes with StatReloader
E:\anythingstore\anythingstore\app\views.py changed, reloading.
Watching for file changes with StatReloader
E:\anythingstore\anythingstore\app\views.py changed, reloading.
Watching for file changes with StatReloader
E:\anythingstore\anythingstore\app\views.py changed, reloading.
Watching for file changes with StatReloader
E:\anythingstore\anythingstore\app\views.py changed, reloading.
Watching for file changes with StatReloader
E:\anythingstore\anythingstore\app\views.py changed, reloading.
Watching for file changes with StatReloader
E:\anythingstore\anythingstore\app\views.py changed, reloading.
Watching for file changes with StatReloader
E:\anythingstore\anythingstore\app\views.py changed, reloading.
Watching for file changes with StatReloader
E:\anythingstore\anythingstore\app\views.py changed, reloading.
Watching for file changes with StatReloader
E:\anythingstore\anythingstore\app\views.py changed, reloading.
Watching for file changes with StatReloader
E:\anythingstore\anythingstore\app\views.py changed, reloading.
Watching for file changes with StatReloader
E:\anythingstore\anythingstore\app\views.py changed, reloading.
Watching for file changes with StatReloader
E:\anythingstore\anythingstore\app\views.py changed, reloading.
Watching for file changes with StatReloader
Internal Server Error: /register/
Traceback (most recent call last):
  File "E:\anythingstore\venv\lib\site-packages\django\db\backends\utils.py", line 89, in _execute
    return self.cursor.execute(sql, params)
  File "E:\anythingstore\venv\lib\site-packages\django\db\backends\sqlite3\base.py", line 328, in execute
    return super().execute(query, params)
sqlite3.IntegrityError: UNIQUE constraint failed: auth_user.username

The above exception was the direct cause of the following exception:

Traceback (most recent call last):
  File "E:\anythingstore\venv\lib\site-packages\django\core\handlers\exception.py", line 55, in inner
    response = get_response(request)
  File "E:\anythingstore\venv\lib\site-packages\django\core\handlers\base.py", line 197, in _get_response
    response = wrapped_callback(request, *callback_args, **callback_kwargs)
  File "E:\anythingstore\anythingstore\app\views.py", line 38, in register
    my_user = User.objects.create_user(uname,email,pas1)
  File "E:\anythingstore\venv\lib\site-packages\django\contrib\auth\models.py", line 161, in create_user
    return self._create_user(username, email, password, **extra_fields)
  File "E:\anythingstore\venv\lib\site-packages\django\contrib\auth\models.py", line 155, in _create_user
    user.save(using=self._db)
  File "E:\anythingstore\venv\lib\site-packages\django\contrib\auth\base_user.py", line 76, in save
    super().save(*args, **kwargs)
  File "E:\anythingstore\venv\lib\site-packages\django\db\models\base.py", line 814, in save
    self.save_base(
  File "E:\anythingstore\venv\lib\site-packages\django\db\models\base.py", line 877, in save_base
    updated = self._save_table(
  File "E:\anythingstore\venv\lib\site-packages\django\db\models\base.py", line 1020, in _save_table
    results = self._do_insert(
  File "E:\anythingstore\venv\lib\site-packages\django\db\models\base.py", line 1061, in _do_insert
    return manager._insert(
  File "E:\anythingstore\venv\lib\site-packages\django\db\models\manager.py", line 87, in manager_method
    return getattr(self.get_queryset(), name)(*args, **kwargs)
  File "E:\anythingstore\venv\lib\site-packages\django\db\models\query.py", line 1805, in _insert
    return query.get_compiler(using=using).execute_sql(returning_fields)
  File "E:\anythingstore\venv\lib\site-packages\django\db\models\sql\compiler.py", line 1822, in execute_sql
    cursor.execute(sql, params)
  File "E:\anythingstore\venv\lib\site-packages\django\db\backends\utils.py", line 102, in execute
    return super().execute(sql, params)
  File "E:\anythingstore\venv\lib\site-packages\django\db\backends\utils.py", line 67, in execute
    return self._execute_with_wrappers(
  File "E:\anythingstore\venv\lib\site-packages\django\db\backends\utils.py", line 80, in _execute_with_wrappers
    return executor(sql, params, many, context)
  File "E:\anythingstore\venv\lib\site-packages\django\db\backends\utils.py", line 84, in _execute
    with self.db.wrap_database_errors:
  File "E:\anythingstore\venv\lib\site-packages\django\db\utils.py", line 91, in __exit__
    raise dj_exc_value.with_traceback(traceback) from exc_value
  File "E:\anythingstore\venv\lib\site-packages\django\db\backends\utils.py", line 89, in _execute
    return self.cursor.execute(sql, params)
  File "E:\anythingstore\venv\lib\site-packages\django\db\backends\sqlite3\base.py", line 328, in execute
    return super().execute(query, params)
django.db.utils.IntegrityError: UNIQUE constraint failed: auth_user.username
E:\anythingstore\anythingstore\app\views.py changed, reloading.
Watching for file changes with StatReloader
E:\anythingstore\anythingstore\app\views.py changed, reloading.
Watching for file changes with StatReloader
E:\anythingstore\anythingstore\app\views.py changed, reloading.
Watching for file changes with StatReloader
E:\anythingstore\anythingstore\app\views.py changed, reloading.
Watching for file changes with StatReloader
Internal Server Error: /register/
Traceback (most recent call last):
  File "E:\anythingstore\venv\lib\site-packages\django\db\backends\utils.py", line 89, in _execute
    return self.cursor.execute(sql, params)
  File "E:\anythingstore\venv\lib\site-packages\django\db\backends\sqlite3\base.py", line 328, in execute
    return super().execute(query, params)
sqlite3.IntegrityError: UNIQUE constraint failed: auth_user.username

The above exception was the direct cause of the following exception:

Traceback (most recent call last):
  File "E:\anythingstore\venv\lib\site-packages\django\core\handlers\exception.py", line 55, in inner
    response = get_response(request)
  File "E:\anythingstore\venv\lib\site-packages\django\core\handlers\base.py", line 197, in _get_response
    response = wrapped_callback(request, *callback_args, **callback_kwargs)
  File "E:\anythingstore\anythingstore\app\views.py", line 38, in register
    my_user = User.objects.create_user(uname,email,pas1)
  File "E:\anythingstore\venv\lib\site-packages\django\contrib\auth\models.py", line 161, in create_user
    return self._create_user(username, email, password, **extra_fields)
  File "E:\anythingstore\venv\lib\site-packages\django\contrib\auth\models.py", line 155, in _create_user
    user.save(using=self._db)
  File "E:\anythingstore\venv\lib\site-packages\django\contrib\auth\base_user.py", line 76, in save
    super().save(*args, **kwargs)
  File "E:\anythingstore\venv\lib\site-packages\django\db\models\base.py", line 814, in save
    self.save_base(
  File "E:\anythingstore\venv\lib\site-packages\django\db\models\base.py", line 877, in save_base
    updated = self._save_table(
  File "E:\anythingstore\venv\lib\site-packages\django\db\models\base.py", line 1020, in _save_table
    results = self._do_insert(
  File "E:\anythingstore\venv\lib\site-packages\django\db\models\base.py", line 1061, in _do_insert
    return manager._insert(
  File "E:\anythingstore\venv\lib\site-packages\django\db\models\manager.py", line 87, in manager_method
    return getattr(self.get_queryset(), name)(*args, **kwargs)
  File "E:\anythingstore\venv\lib\site-packages\django\db\models\query.py", line 1805, in _insert
    return query.get_compiler(using=using).execute_sql(returning_fields)
  File "E:\anythingstore\venv\lib\site-packages\django\db\models\sql\compiler.py", line 1822, in execute_sql
    cursor.execute(sql, params)
  File "E:\anythingstore\venv\lib\site-packages\django\db\backends\utils.py", line 102, in execute
    return super().execute(sql, params)
  File "E:\anythingstore\venv\lib\site-packages\django\db\backends\utils.py", line 67, in execute
    return self._execute_with_wrappers(
  File "E:\anythingstore\venv\lib\site-packages\django\db\backends\utils.py", line 80, in _execute_with_wrappers
    return executor(sql, params, many, context)
  File "E:\anythingstore\venv\lib\site-packages\django\db\backends\utils.py", line 84, in _execute
    with self.db.wrap_database_errors:
  File "E:\anythingstore\venv\lib\site-packages\django\db\utils.py", line 91, in __exit__
    raise dj_exc_value.with_traceback(traceback) from exc_value
  File "E:\anythingstore\venv\lib\site-packages\django\db\backends\utils.py", line 89, in _execute
    return self.cursor.execute(sql, params)
  File "E:\anythingstore\venv\lib\site-packages\django\db\backends\sqlite3\base.py", line 328, in execute
    return super().execute(query, params)
django.db.utils.IntegrityError: UNIQUE constraint failed: auth_user.username
Internal Server Error: /register/
Traceback (most recent call last):
  File "E:\anythingstore\venv\lib\site-packages\django\db\backends\utils.py", line 89, in _execute
    return self.cursor.execute(sql, params)
  File "E:\anythingstore\venv\lib\site-packages\django\db\backends\sqlite3\base.py", line 328, in execute
    return super().execute(query, params)
sqlite3.IntegrityError: UNIQUE constraint failed: auth_user.username

The above exception was the direct cause of the following exception:

Traceback (most recent call last):
  File "E:\anythingstore\venv\lib\site-packages\django\core\handlers\exception.py", line 55, in inner
    response = get_response(request)
  File "E:\anythingstore\venv\lib\site-packages\django\core\handlers\base.py", line 197, in _get_response
    response = wrapped_callback(request, *callback_args, **callback_kwargs)
  File "E:\anythingstore\anythingstore\app\views.py", line 38, in register
    my_user = User.objects.create_user(uname,email,pas1)
  File "E:\anythingstore\venv\lib\site-packages\django\contrib\auth\models.py", line 161, in create_user
    return self._create_user(username, email, password, **extra_fields)
  File "E:\anythingstore\venv\lib\site-packages\django\contrib\auth\models.py", line 155, in _create_user
    user.save(using=self._db)
  File "E:\anythingstore\venv\lib\site-packages\django\contrib\auth\base_user.py", line 76, in save
    super().save(*args, **kwargs)
  File "E:\anythingstore\venv\lib\site-packages\django\db\models\base.py", line 814, in save
    self.save_base(
  File "E:\anythingstore\venv\lib\site-packages\django\db\models\base.py", line 877, in save_base
    updated = self._save_table(
  File "E:\anythingstore\venv\lib\site-packages\django\db\models\base.py", line 1020, in _save_table
    results = self._do_insert(
  File "E:\anythingstore\venv\lib\site-packages\django\db\models\base.py", line 1061, in _do_insert
    return manager._insert(
  File "E:\anythingstore\venv\lib\site-packages\django\db\models\manager.py", line 87, in manager_method
    return getattr(self.get_queryset(), name)(*args, **kwargs)
  File "E:\anythingstore\venv\lib\site-packages\django\db\models\query.py", line 1805, in _insert
    return query.get_compiler(using=using).execute_sql(returning_fields)
  File "E:\anythingstore\venv\lib\site-packages\django\db\models\sql\compiler.py", line 1822, in execute_sql
    cursor.execute(sql, params)
  File "E:\anythingstore\venv\lib\site-packages\django\db\backends\utils.py", line 102, in execute
    return super().execute(sql, params)
  File "E:\anythingstore\venv\lib\site-packages\django\db\backends\utils.py", line 67, in execute
    return self._execute_with_wrappers(
  File "E:\anythingstore\venv\lib\site-packages\django\db\backends\utils.py", line 80, in _execute_with_wrappers
    return executor(sql, params, many, context)
  File "E:\anythingstore\venv\lib\site-packages\django\db\backends\utils.py", line 84, in _execute
    with self.db.wrap_database_errors:
  File "E:\anythingstore\venv\lib\site-packages\django\db\utils.py", line 91, in __exit__
    raise dj_exc_value.with_traceback(traceback) from exc_value
  File "E:\anythingstore\venv\lib\site-packages\django\db\backends\utils.py", line 89, in _execute
    return self.cursor.execute(sql, params)
  File "E:\anythingstore\venv\lib\site-packages\django\db\backends\sqlite3\base.py", line 328, in execute
    return super().execute(query, params)
django.db.utils.IntegrityError: UNIQUE constraint failed: auth_user.username
E:\anythingstore\anythingstore\app\views.py changed, reloading.
Watching for file changes with StatReloader
E:\anythingstore\anythingstore\app\views.py changed, reloading.
Watching for file changes with StatReloader
E:\anythingstore\anythingstore\app\views.py changed, reloading.
Watching for file changes with StatReloader
E:\anythingstore\anythingstore\app\views.py changed, reloading.
Watching for file changes with StatReloader
E:\anythingstore\anythingstore\app\views.py changed, reloading.
Watching for file changes with StatReloader
Internal Server Error: /register/
Traceback (most recent call last):
  File "E:\anythingstore\venv\lib\site-packages\django\db\backends\utils.py", line 89, in _execute
    return self.cursor.execute(sql, params)
  File "E:\anythingstore\venv\lib\site-packages\django\db\backends\sqlite3\base.py", line 328, in execute
    return super().execute(query, params)
sqlite3.IntegrityError: UNIQUE constraint failed: auth_user.username

The above exception was the direct cause of the following exception:

Traceback (most recent call last):
  File "E:\anythingstore\venv\lib\site-packages\django\core\handlers\exception.py", line 55, in inner
    response = get_response(request)
  File "E:\anythingstore\venv\lib\site-packages\django\core\handlers\base.py", line 197, in _get_response
    response = wrapped_callback(request, *callback_args, **callback_kwargs)
  File "E:\anythingstore\anythingstore\app\views.py", line 38, in register
    my_user = User.objects.create_user(uname,email,pas1)
  File "E:\anythingstore\venv\lib\site-packages\django\contrib\auth\models.py", line 161, in create_user
    return self._create_user(username, email, password, **extra_fields)
  File "E:\anythingstore\venv\lib\site-packages\django\contrib\auth\models.py", line 155, in _create_user
    user.save(using=self._db)
  File "E:\anythingstore\venv\lib\site-packages\django\contrib\auth\base_user.py", line 76, in save
    super().save(*args, **kwargs)
  File "E:\anythingstore\venv\lib\site-packages\django\db\models\base.py", line 814, in save
    self.save_base(
  File "E:\anythingstore\venv\lib\site-packages\django\db\models\base.py", line 877, in save_base
    updated = self._save_table(
  File "E:\anythingstore\venv\lib\site-packages\django\db\models\base.py", line 1020, in _save_table
    results = self._do_insert(
  File "E:\anythingstore\venv\lib\site-packages\django\db\models\base.py", line 1061, in _do_insert
    return manager._insert(
  File "E:\anythingstore\venv\lib\site-packages\django\db\models\manager.py", line 87, in manager_method
    return getattr(self.get_queryset(), name)(*args, **kwargs)
  File "E:\anythingstore\venv\lib\site-packages\django\db\models\query.py", line 1805, in _insert
    return query.get_compiler(using=using).execute_sql(returning_fields)
  File "E:\anythingstore\venv\lib\site-packages\django\db\models\sql\compiler.py", line 1822, in execute_sql
    cursor.execute(sql, params)
  File "E:\anythingstore\venv\lib\site-packages\django\db\backends\utils.py", line 102, in execute
    return super().execute(sql, params)
  File "E:\anythingstore\venv\lib\site-packages\django\db\backends\utils.py", line 67, in execute
    return self._execute_with_wrappers(
  File "E:\anythingstore\venv\lib\site-packages\django\db\backends\utils.py", line 80, in _execute_with_wrappers
    return executor(sql, params, many, context)
  File "E:\anythingstore\venv\lib\site-packages\django\db\backends\utils.py", line 84, in _execute
    with self.db.wrap_database_errors:
  File "E:\anythingstore\venv\lib\site-packages\django\db\utils.py", line 91, in __exit__
    raise dj_exc_value.with_traceback(traceback) from exc_value
  File "E:\anythingstore\venv\lib\site-packages\django\db\backends\utils.py", line 89, in _execute
    return self.cursor.execute(sql, params)
  File "E:\anythingstore\venv\lib\site-packages\django\db\backends\sqlite3\base.py", line 328, in execute
    return super().execute(query, params)
django.db.utils.IntegrityError: UNIQUE constraint failed: auth_user.username
E:\anythingstore\anythingstore\app\views.py changed, reloading.
Watching for file changes with StatReloader
Not Found: /favicon.ico
